<?xml version="1.0" ?><testsuite name="tp_medev.PionTest" time="0.057" timestamp="2025-01-13T09:00:51" tests="7" failures="1" skipped="0" aborted="0"><properties>
[...]
</properties><testcase classname="tp_medev.PionTest" name="getY()" time="0.0"></testcase><testcase classname="tp_medev.PionTest" name="getX()" time="0.0"></testcase><testcase classname="tp_medev.PionTest" name="setCouleur()" time="0.01"></testcase><testcase classname="tp_medev.PionTest" name="getCouleur()" time="0.0"></testcase><testcase classname="tp_medev.PionTest" name="Pion()" time="0.01"><failure message="expected: &lt;tp_medev.Pion@71e9a896&gt; but was: &lt;tp_medev.Pion@6b9267b&gt;" type="org.opentest4j.AssertionFailedError"><![CDATA[org.opentest4j.AssertionFailedError: expected: <tp_medev.Pion@71e9a896> but was: <tp_medev.Pion@6b9267b>
	at org.junit.jupiter.api.AssertionFailureBuilder.build(AssertionFailureBuilder.java:151)
	at org.junit.jupiter.api.AssertionFailureBuilder.buildAndThrow(AssertionFailureBuilder.java:132)
	at org.junit.jupiter.api.AssertEquals.failNotEqual(AssertEquals.java:197)
	at org.junit.jupiter.api.AssertEquals.assertEquals(AssertEquals.java:182)
	at org.junit.jupiter.api.AssertEquals.assertEquals(AssertEquals.java:177)
	at org.junit.jupiter.api.Assertions.assertEquals(Assertions.java:1141)
	at tp_medev.PionTest.Pion(Unknown Source)
	at java.base/java.lang.reflect.Method.invoke(Method.java:566)
	at java.base/java.util.ArrayList.forEach(ArrayList.java:1541)
	at java.base/java.util.ArrayList.forEach(ArrayList.java:1541)
]]></failure></testcase><testcase classname="tp_medev.PionTest" name="setY()" time="0.0"></testcase><testcase classname="tp_medev.PionTest" name="setX()" time="0.0"></testcase></testsuite>